Terminals unused in grammar

    NEWLINE
    INDENT
    DEDENT
    LIST


Grammar

    0 $accept: Q $end

    1 Q: KEYWORD


Terminals, with rules where they appear

    $end (0) 0
    error (256)
    NEWLINE (258)
    INDENT (259)
    DEDENT (260)
    LIST (261)
    KEYWORD <str> (262) 1


Nonterminals, with rules where they appear

    $accept (8)
        on left: 0
    Q <str> (9)
        on left: 1
        on right: 0


State 0

    0 $accept: • Q $end

    KEYWORD  shift, and go to state 1

    Q  go to state 2


State 1

    1 Q: KEYWORD •

    $default  reduce using rule 1 (Q)


State 2

    0 $accept: Q • $end

    $end  shift, and go to state 3


State 3

    0 $accept: Q $end •

    $default  accept
